app/build/intermediates/manifest_merge_blame_file/debug/manifest-merger-blame-debug-report.txt
1<?xml version="1.0" encoding="utf-8"?>
2<manifest xmlns:android="http://schemas.android.com/apk/res/android"
3    package="dev.seenu.fitpeotask"
4    android:versionCode="1"
5    android:versionName="1.0" >
6
7    <uses-sdk
8        android:minSdkVersion="21"
8-->src\main\AndroidManifest.xml
9        android:targetSdkVersion="30" />
9-->src\main\AndroidManifest.xml
10
11    <uses-permission android:name="android.permission.INTERNET" />
11-->src\main\AndroidManifest.xml:6:5-67
11-->src\main\AndroidManifest.xml:6:22-64
12    <uses-permission android:name="android.permission.REORDER_TASKS" />
12-->[androidx.fragment:fragment-testing:1.3.2] AndroidManifest.xml:25:5-72
12-->[androidx.fragment:fragment-testing:1.3.2] AndroidManifest.xml:25:22-69
13
14    <application
14-->src\main\AndroidManifest.xml:8:5-25:19
15        android:name="dev.seenu.fitpeotask.App"
15-->src\main\AndroidManifest.xml:9:9-27
16        android:allowBackup="true"
16-->src\main\AndroidManifest.xml:10:9-35
17        android:appComponentFactory="androidx.core.app.CoreComponentFactory"
17-->[androidx.core:core:1.3.2] AndroidManifest.xml:24:18-86
18        android:debuggable="true"
19        android:icon="@mipmap/ic_launcher"
19-->src\main\AndroidManifest.xml:11:9-43
20        android:label="@string/app_name"
20-->src\main\AndroidManifest.xml:12:9-41
21        android:requestLegacyExternalStorage="true"
21-->src\main\AndroidManifest.xml:13:9-52
22        android:roundIcon="@mipmap/ic_launcher_round"
22-->src\main\AndroidManifest.xml:14:9-54
23        android:supportsRtl="true"
23-->src\main\AndroidManifest.xml:15:9-35
24        android:testOnly="true"
25        android:theme="@style/FitpeoTheme" >
25-->src\main\AndroidManifest.xml:16:9-43
26        <activity
26-->src\main\AndroidManifest.xml:17:9-24:20
27            android:name="dev.seenu.fitpeotask.presentation.MainActivity"
27-->src\main\AndroidManifest.xml:17:19-80
28            android:exported="true" >
28-->src\main\AndroidManifest.xml:18:13-36
29            <intent-filter>
29-->src\main\AndroidManifest.xml:19:13-23:29
30                <action android:name="android.intent.action.MAIN" />
30-->src\main\AndroidManifest.xml:20:17-69
30-->src\main\AndroidManifest.xml:20:25-66
31
32                <category android:name="android.intent.category.LAUNCHER" />
32-->src\main\AndroidManifest.xml:22:17-77
32-->src\main\AndroidManifest.xml:22:27-74
33            </intent-filter>
34        </activity>
35        <activity
35-->[androidx.fragment:fragment-testing:1.3.2] AndroidManifest.xml:28:9-37:20
36            android:name="androidx.fragment.app.testing.FragmentScenario$EmptyFragmentActivity"
36-->[androidx.fragment:fragment-testing:1.3.2] AndroidManifest.xml:29:13-96
37            android:exported="true"
37-->[androidx.fragment:fragment-testing:1.3.2] AndroidManifest.xml:30:13-36
38            android:multiprocess="true"
38-->[androidx.fragment:fragment-testing:1.3.2] AndroidManifest.xml:31:13-40
39            android:taskAffinity=""
39-->[androidx.fragment:fragment-testing:1.3.2] AndroidManifest.xml:32:13-36
40            android:theme="@style/FragmentScenarioEmptyFragmentActivityTheme" >
40-->[androidx.fragment:fragment-testing:1.3.2] AndroidManifest.xml:33:13-78
41            <intent-filter>
41-->[androidx.fragment:fragment-testing:1.3.2] AndroidManifest.xml:34:13-36:29
42                <action android:name="android.intent.action.MAIN" />
42-->src\main\AndroidManifest.xml:20:17-69
42-->src\main\AndroidManifest.xml:20:25-66
43            </intent-filter>
44        </activity>
45        <activity
45-->[androidx.test:core:1.3.0] AndroidManifest.xml:27:9-33:20
46            android:name="androidx.test.core.app.InstrumentationActivityInvoker$BootstrapActivity"
46-->[androidx.test:core:1.3.0] AndroidManifest.xml:28:13-99
47            android:theme="@android:style/Theme" >
47-->[androidx.test:core:1.3.0] AndroidManifest.xml:29:13-49
48            <intent-filter>
48-->[androidx.fragment:fragment-testing:1.3.2] AndroidManifest.xml:34:13-36:29
49                <action android:name="android.intent.action.MAIN" />
49-->src\main\AndroidManifest.xml:20:17-69
49-->src\main\AndroidManifest.xml:20:25-66
50            </intent-filter>
51        </activity>
52        <activity
52-->[androidx.test:core:1.3.0] AndroidManifest.xml:34:9-40:20
53            android:name="androidx.test.core.app.InstrumentationActivityInvoker$EmptyActivity"
53-->[androidx.test:core:1.3.0] AndroidManifest.xml:35:13-95
54            android:theme="@android:style/Theme" >
54-->[androidx.test:core:1.3.0] AndroidManifest.xml:36:13-49
55            <intent-filter>
55-->[androidx.fragment:fragment-testing:1.3.2] AndroidManifest.xml:34:13-36:29
56                <action android:name="android.intent.action.MAIN" />
56-->src\main\AndroidManifest.xml:20:17-69
56-->src\main\AndroidManifest.xml:20:25-66
57            </intent-filter>
58        </activity>
59        <activity
59-->[androidx.test:core:1.3.0] AndroidManifest.xml:41:9-47:20
60            android:name="androidx.test.core.app.InstrumentationActivityInvoker$EmptyFloatingActivity"
60-->[androidx.test:core:1.3.0] AndroidManifest.xml:42:13-103
61            android:theme="@android:style/Theme.Dialog" >
61-->[androidx.test:core:1.3.0] AndroidManifest.xml:43:13-56
62            <intent-filter>
62-->[androidx.fragment:fragment-testing:1.3.2] AndroidManifest.xml:34:13-36:29
63                <action android:name="android.intent.action.MAIN" />
63-->src\main\AndroidManifest.xml:20:17-69
63-->src\main\AndroidManifest.xml:20:25-66
64            </intent-filter>
65        </activity>
66    </application>
67
68</manifest>